{"C:\\Users\\Khaoula\\ReactNativeProject\\PayeKawa\\App.js": {"path":"C:\\Users\\Khaoula\\ReactNativeProject\\PayeKawa\\App.js","statementMap":{"0":{"start":{"line":12,"column":14},"end":{"line":12,"column":36}},"1":{"start":{"line":14,"column":12},"end":{"line":27,"column":1}},"2":{"start":{"line":15,"column":2},"end":{"line":26,"column":4}}},"fnMap":{"0":{"name":"(anonymous_0)","decl":{"start":{"line":14,"column":12},"end":{"line":14,"column":13}},"loc":{"start":{"line":14,"column":18},"end":{"line":27,"column":1}},"line":14}},"branchMap":{},"s":{"0":0,"1":0,"2":0},"f":{"0":0},"b":{}}
,"C:\\Users\\Khaoula\\ReactNativeProject\\PayeKawa\\screens\\ConfirmEmail.js": {"path":"C:\\Users\\Khaoula\\ReactNativeProject\\PayeKawa\\screens\\ConfirmEmail.js","statementMap":{"0":{"start":{"line":5,"column":26},"end":{"line":46,"column":1}},"1":{"start":{"line":6,"column":50},"end":{"line":6,"column":62}},"2":{"start":{"line":7,"column":48},"end":{"line":7,"column":60}},"3":{"start":{"line":9,"column":29},"end":{"line":13,"column":3}},"4":{"start":{"line":11,"column":26},"end":{"line":11,"column":65}},"5":{"start":{"line":12,"column":4},"end":{"line":12,"column":39}},"6":{"start":{"line":15,"column":17},"end":{"line":29,"column":3}},"7":{"start":{"line":16,"column":4},"end":{"line":28,"column":5}},"8":{"start":{"line":17,"column":23},"end":{"line":19,"column":8}},"9":{"start":{"line":21,"column":6},"end":{"line":25,"column":7}},"10":{"start":{"line":22,"column":8},"end":{"line":22,"column":47}},"11":{"start":{"line":24,"column":8},"end":{"line":24,"column":66}},"12":{"start":{"line":27,"column":6},"end":{"line":27,"column":71}},"13":{"start":{"line":31,"column":2},"end":{"line":45,"column":4}},"14":{"start":{"line":48,"column":15},"end":{"line":72,"column":2}}},"fnMap":{"0":{"name":"(anonymous_0)","decl":{"start":{"line":5,"column":26},"end":{"line":5,"column":27}},"loc":{"start":{"line":5,"column":32},"end":{"line":46,"column":1}},"line":5},"1":{"name":"(anonymous_1)","decl":{"start":{"line":9,"column":29},"end":{"line":9,"column":30}},"loc":{"start":{"line":9,"column":39},"end":{"line":13,"column":3}},"line":9},"2":{"name":"(anonymous_2)","decl":{"start":{"line":15,"column":17},"end":{"line":15,"column":18}},"loc":{"start":{"line":15,"column":29},"end":{"line":29,"column":3}},"line":15}},"branchMap":{"0":{"loc":{"start":{"line":21,"column":6},"end":{"line":25,"column":7}},"type":"if","locations":[{"start":{"line":21,"column":6},"end":{"line":25,"column":7}},{"start":{"line":23,"column":13},"end":{"line":25,"column":7}}],"line":21}},"s":{"0":0,"1":0,"2":0,"3":0,"4":0,"5":0,"6":0,"7":0,"8":0,"9":0,"10":0,"11":0,"12":0,"13":0,"14":0},"f":{"0":0,"1":0,"2":0},"b":{"0":[0,0]}}
,"C:\\Users\\Khaoula\\ReactNativeProject\\PayeKawa\\screens\\ConfirmationScreen.js": {"path":"C:\\Users\\Khaoula\\ReactNativeProject\\PayeKawa\\screens\\ConfirmationScreen.js","statementMap":{"0":{"start":{"line":4,"column":27},"end":{"line":16,"column":1}},"1":{"start":{"line":5,"column":28},"end":{"line":5,"column":40}},"2":{"start":{"line":7,"column":2},"end":{"line":15,"column":4}},"3":{"start":{"line":18,"column":15},"end":{"line":42,"column":2}}},"fnMap":{"0":{"name":"(anonymous_0)","decl":{"start":{"line":4,"column":27},"end":{"line":4,"column":28}},"loc":{"start":{"line":4,"column":47},"end":{"line":16,"column":1}},"line":4}},"branchMap":{},"s":{"0":0,"1":0,"2":0,"3":0},"f":{"0":0},"b":{}}
,"C:\\Users\\Khaoula\\ReactNativeProject\\PayeKawa\\screens\\CustomersOrders.js": {"path":"C:\\Users\\Khaoula\\ReactNativeProject\\PayeKawa\\screens\\CustomersOrders.js","statementMap":{"0":{"start":{"line":5,"column":22},"end":{"line":34,"column":1}},"1":{"start":{"line":6,"column":26},"end":{"line":6,"column":38}},"2":{"start":{"line":8,"column":2},"end":{"line":13,"column":9}},"3":{"start":{"line":9,"column":4},"end":{"line":11,"column":53}},"4":{"start":{"line":10,"column":24},"end":{"line":10,"column":46}},"5":{"start":{"line":11,"column":22},"end":{"line":11,"column":51}},"6":{"start":{"line":14,"column":2},"end":{"line":14,"column":19}},"7":{"start":{"line":16,"column":1},"end":{"line":33,"column":4}},"8":{"start":{"line":20,"column":10},"end":{"line":27,"column":17}},"9":{"start":{"line":35,"column":15},"end":{"line":62,"column":2}}},"fnMap":{"0":{"name":"(anonymous_0)","decl":{"start":{"line":5,"column":22},"end":{"line":5,"column":23}},"loc":{"start":{"line":5,"column":28},"end":{"line":34,"column":1}},"line":5},"1":{"name":"(anonymous_1)","decl":{"start":{"line":8,"column":12},"end":{"line":8,"column":13}},"loc":{"start":{"line":8,"column":18},"end":{"line":13,"column":3}},"line":8},"2":{"name":"(anonymous_2)","decl":{"start":{"line":10,"column":12},"end":{"line":10,"column":13}},"loc":{"start":{"line":10,"column":24},"end":{"line":10,"column":46}},"line":10},"3":{"name":"(anonymous_3)","decl":{"start":{"line":11,"column":13},"end":{"line":11,"column":14}},"loc":{"start":{"line":11,"column":22},"end":{"line":11,"column":51}},"line":11},"4":{"name":"(anonymous_4)","decl":{"start":{"line":19,"column":17},"end":{"line":19,"column":18}},"loc":{"start":{"line":20,"column":10},"end":{"line":27,"column":17}},"line":20}},"branchMap":{"0":{"loc":{"start":{"line":18,"column":7},"end":{"line":31,"column":7}},"type":"cond-expr","locations":[{"start":{"line":19,"column":8},"end":{"line":28,"column":10}},{"start":{"line":30,"column":8},"end":{"line":30,"column":36}}],"line":18}},"s":{"0":0,"1":0,"2":0,"3":0,"4":0,"5":0,"6":0,"7":0,"8":0,"9":0},"f":{"0":0,"1":0,"2":0,"3":0,"4":0},"b":{"0":[0,0]}}
,"C:\\Users\\Khaoula\\ReactNativeProject\\PayeKawa\\screens\\CustomersScreen.js": {"path":"C:\\Users\\Khaoula\\ReactNativeProject\\PayeKawa\\screens\\CustomersScreen.js","statementMap":{"0":{"start":{"line":5,"column":24},"end":{"line":28,"column":1}},"1":{"start":{"line":6,"column":26},"end":{"line":6,"column":38}},"2":{"start":{"line":8,"column":2},"end":{"line":13,"column":9}},"3":{"start":{"line":9,"column":4},"end":{"line":11,"column":66}},"4":{"start":{"line":10,"column":24},"end":{"line":10,"column":46}},"5":{"start":{"line":11,"column":22},"end":{"line":11,"column":64}},"6":{"start":{"line":14,"column":2},"end":{"line":27,"column":4}},"7":{"start":{"line":18,"column":10},"end":{"line":21,"column":17}},"8":{"start":{"line":29,"column":15},"end":{"line":54,"column":2}}},"fnMap":{"0":{"name":"(anonymous_0)","decl":{"start":{"line":5,"column":24},"end":{"line":5,"column":25}},"loc":{"start":{"line":5,"column":30},"end":{"line":28,"column":1}},"line":5},"1":{"name":"(anonymous_1)","decl":{"start":{"line":8,"column":12},"end":{"line":8,"column":13}},"loc":{"start":{"line":8,"column":18},"end":{"line":13,"column":3}},"line":8},"2":{"name":"(anonymous_2)","decl":{"start":{"line":10,"column":12},"end":{"line":10,"column":13}},"loc":{"start":{"line":10,"column":24},"end":{"line":10,"column":46}},"line":10},"3":{"name":"(anonymous_3)","decl":{"start":{"line":11,"column":13},"end":{"line":11,"column":14}},"loc":{"start":{"line":11,"column":22},"end":{"line":11,"column":64}},"line":11},"4":{"name":"(anonymous_4)","decl":{"start":{"line":17,"column":17},"end":{"line":17,"column":18}},"loc":{"start":{"line":18,"column":10},"end":{"line":21,"column":17}},"line":18}},"branchMap":{"0":{"loc":{"start":{"line":16,"column":7},"end":{"line":25,"column":7}},"type":"cond-expr","locations":[{"start":{"line":17,"column":8},"end":{"line":22,"column":10}},{"start":{"line":24,"column":8},"end":{"line":24,"column":36}}],"line":16}},"s":{"0":1,"1":3,"2":3,"3":2,"4":2,"5":0,"6":3,"7":93,"8":1},"f":{"0":3,"1":2,"2":2,"3":0,"4":93},"b":{"0":[1,2]},"_coverageSchema":"1a1c01bbd47fc00a2c39e90264f33305004495a9","hash":"83a9bc2f4d195883ee88b597b94f1f752d1f8ee4"}
,"C:\\Users\\Khaoula\\ReactNativeProject\\PayeKawa\\screens\\LoginScreen.js": {"path":"C:\\Users\\Khaoula\\ReactNativeProject\\PayeKawa\\screens\\LoginScreen.js","statementMap":{"0":{"start":{"line":8,"column":14},"end":{"line":50,"column":1}},"1":{"start":{"line":9,"column":28},"end":{"line":9,"column":40}},"2":{"start":{"line":10,"column":34},"end":{"line":10,"column":46}},"3":{"start":{"line":12,"column":21},"end":{"line":12,"column":36}},"4":{"start":{"line":14,"column":22},"end":{"line":26,"column":3}},"5":{"start":{"line":15,"column":4},"end":{"line":25,"column":5}},"6":{"start":{"line":16,"column":23},"end":{"line":19,"column":8}},"7":{"start":{"line":20,"column":6},"end":{"line":20,"column":28}},"8":{"start":{"line":24,"column":6},"end":{"line":24,"column":43}},"9":{"start":{"line":27,"column":27},"end":{"line":29,"column":3}},"10":{"start":{"line":28,"column":4},"end":{"line":28,"column":36}},"11":{"start":{"line":31,"column":2},"end":{"line":49,"column":4}},"12":{"start":{"line":37,"column":30},"end":{"line":37,"column":44}},"13":{"start":{"line":44,"column":30},"end":{"line":44,"column":47}},"14":{"start":{"line":52,"column":15},"end":{"line":68,"column":2}}},"fnMap":{"0":{"name":"(anonymous_0)","decl":{"start":{"line":8,"column":14},"end":{"line":8,"column":15}},"loc":{"start":{"line":8,"column":20},"end":{"line":50,"column":1}},"line":8},"1":{"name":"(anonymous_1)","decl":{"start":{"line":14,"column":22},"end":{"line":14,"column":23}},"loc":{"start":{"line":14,"column":34},"end":{"line":26,"column":3}},"line":14},"2":{"name":"(anonymous_2)","decl":{"start":{"line":27,"column":27},"end":{"line":27,"column":28}},"loc":{"start":{"line":27,"column":32},"end":{"line":29,"column":3}},"line":27},"3":{"name":"(anonymous_3)","decl":{"start":{"line":37,"column":22},"end":{"line":37,"column":23}},"loc":{"start":{"line":37,"column":30},"end":{"line":37,"column":44}},"line":37},"4":{"name":"(anonymous_4)","decl":{"start":{"line":44,"column":22},"end":{"line":44,"column":23}},"loc":{"start":{"line":44,"column":30},"end":{"line":44,"column":47}},"line":44}},"branchMap":{},"s":{"0":0,"1":0,"2":0,"3":0,"4":0,"5":0,"6":0,"7":0,"8":0,"9":0,"10":0,"11":0,"12":0,"13":0,"14":0},"f":{"0":0,"1":0,"2":0,"3":0,"4":0},"b":{}}
,"C:\\Users\\Khaoula\\ReactNativeProject\\PayeKawa\\screens\\ProductScreen.js": {"path":"C:\\Users\\Khaoula\\ReactNativeProject\\PayeKawa\\screens\\ProductScreen.js","statementMap":{"0":{"start":{"line":5,"column":22},"end":{"line":34,"column":1}},"1":{"start":{"line":6,"column":26},"end":{"line":6,"column":38}},"2":{"start":{"line":8,"column":2},"end":{"line":13,"column":9}},"3":{"start":{"line":9,"column":4},"end":{"line":11,"column":57}},"4":{"start":{"line":10,"column":24},"end":{"line":10,"column":46}},"5":{"start":{"line":11,"column":22},"end":{"line":11,"column":55}},"6":{"start":{"line":14,"column":2},"end":{"line":14,"column":19}},"7":{"start":{"line":16,"column":1},"end":{"line":33,"column":4}},"8":{"start":{"line":20,"column":10},"end":{"line":27,"column":17}},"9":{"start":{"line":35,"column":15},"end":{"line":62,"column":2}}},"fnMap":{"0":{"name":"(anonymous_0)","decl":{"start":{"line":5,"column":22},"end":{"line":5,"column":23}},"loc":{"start":{"line":5,"column":28},"end":{"line":34,"column":1}},"line":5},"1":{"name":"(anonymous_1)","decl":{"start":{"line":8,"column":12},"end":{"line":8,"column":13}},"loc":{"start":{"line":8,"column":18},"end":{"line":13,"column":3}},"line":8},"2":{"name":"(anonymous_2)","decl":{"start":{"line":10,"column":12},"end":{"line":10,"column":13}},"loc":{"start":{"line":10,"column":24},"end":{"line":10,"column":46}},"line":10},"3":{"name":"(anonymous_3)","decl":{"start":{"line":11,"column":13},"end":{"line":11,"column":14}},"loc":{"start":{"line":11,"column":22},"end":{"line":11,"column":55}},"line":11},"4":{"name":"(anonymous_4)","decl":{"start":{"line":19,"column":17},"end":{"line":19,"column":18}},"loc":{"start":{"line":20,"column":10},"end":{"line":27,"column":17}},"line":20}},"branchMap":{"0":{"loc":{"start":{"line":18,"column":7},"end":{"line":31,"column":7}},"type":"cond-expr","locations":[{"start":{"line":19,"column":8},"end":{"line":28,"column":10}},{"start":{"line":30,"column":8},"end":{"line":30,"column":36}}],"line":18}},"s":{"0":0,"1":0,"2":0,"3":0,"4":0,"5":0,"6":0,"7":0,"8":0,"9":0},"f":{"0":0,"1":0,"2":0,"3":0,"4":0},"b":{"0":[0,0]}}
,"C:\\Users\\Khaoula\\ReactNativeProject\\PayeKawa\\screens\\RegisterScreen.js": {"path":"C:\\Users\\Khaoula\\ReactNativeProject\\PayeKawa\\screens\\RegisterScreen.js","statementMap":{"0":{"start":{"line":4,"column":23},"end":{"line":76,"column":1}},"1":{"start":{"line":5,"column":28},"end":{"line":5,"column":40}},"2":{"start":{"line":6,"column":34},"end":{"line":6,"column":46}},"3":{"start":{"line":7,"column":35},"end":{"line":7,"column":47}},"4":{"start":{"line":8,"column":33},"end":{"line":8,"column":45}},"5":{"start":{"line":9,"column":48},"end":{"line":9,"column":60}},"6":{"start":{"line":11,"column":25},"end":{"line":36,"column":3}},"7":{"start":{"line":12,"column":4},"end":{"line":35,"column":5}},"8":{"start":{"line":14,"column":6},"end":{"line":32,"column":7}},"9":{"start":{"line":15,"column":25},"end":{"line":20,"column":10}},"10":{"start":{"line":22,"column":8},"end":{"line":28,"column":9}},"11":{"start":{"line":24,"column":10},"end":{"line":24,"column":46}},"12":{"start":{"line":27,"column":10},"end":{"line":27,"column":58}},"13":{"start":{"line":31,"column":8},"end":{"line":31,"column":26}},"14":{"start":{"line":34,"column":6},"end":{"line":34,"column":38}},"15":{"start":{"line":38,"column":2},"end":{"line":75,"column":4}},"16":{"start":{"line":79,"column":15},"end":{"line":98,"column":2}}},"fnMap":{"0":{"name":"(anonymous_0)","decl":{"start":{"line":4,"column":23},"end":{"line":4,"column":24}},"loc":{"start":{"line":4,"column":43},"end":{"line":76,"column":1}},"line":4},"1":{"name":"(anonymous_1)","decl":{"start":{"line":11,"column":25},"end":{"line":11,"column":26}},"loc":{"start":{"line":11,"column":37},"end":{"line":36,"column":3}},"line":11}},"branchMap":{"0":{"loc":{"start":{"line":12,"column":4},"end":{"line":35,"column":5}},"type":"if","locations":[{"start":{"line":12,"column":4},"end":{"line":35,"column":5}},{"start":{"line":33,"column":11},"end":{"line":35,"column":5}}],"line":12},"1":{"loc":{"start":{"line":22,"column":8},"end":{"line":28,"column":9}},"type":"if","locations":[{"start":{"line":22,"column":8},"end":{"line":28,"column":9}},{"start":{"line":25,"column":15},"end":{"line":28,"column":9}}],"line":22}},"s":{"0":0,"1":0,"2":0,"3":0,"4":0,"5":0,"6":0,"7":0,"8":0,"9":0,"10":0,"11":0,"12":0,"13":0,"14":0,"15":0,"16":0},"f":{"0":0,"1":0},"b":{"0":[0,0],"1":[0,0]}}
}
