TN:
SF:App.js
FN:14,(anonymous_0)
FNF:1
FNH:0
FNDA:0,(anonymous_0)
DA:12,0
DA:14,0
DA:15,0
LF:3
LH:0
BRF:0
BRH:0
end_of_record
TN:
SF:screens\ConfirmEmail.js
FN:5,(anonymous_0)
FN:9,(anonymous_1)
FN:15,(anonymous_2)
FNF:3
FNH:0
FNDA:0,(anonymous_0)
FNDA:0,(anonymous_1)
FNDA:0,(anonymous_2)
DA:5,0
DA:6,0
DA:7,0
DA:9,0
DA:11,0
DA:12,0
DA:15,0
DA:16,0
DA:17,0
DA:21,0
DA:22,0
DA:24,0
DA:27,0
DA:31,0
DA:48,0
LF:15
LH:0
BRDA:21,0,0,0
BRDA:21,0,1,0
BRF:2
BRH:0
end_of_record
TN:
SF:screens\ConfirmationScreen.js
FN:4,(anonymous_0)
FNF:1
FNH:0
FNDA:0,(anonymous_0)
DA:4,0
DA:5,0
DA:7,0
DA:18,0
LF:4
LH:0
BRF:0
BRH:0
end_of_record
TN:
SF:screens\CustomersOrders.js
FN:5,(anonymous_0)
FN:8,(anonymous_1)
FN:10,(anonymous_2)
FN:11,(anonymous_3)
FN:19,(anonymous_4)
FNF:5
FNH:4
FNDA:3,(anonymous_0)
FNDA:2,(anonymous_1)
FNDA:2,(anonymous_2)
FNDA:0,(anonymous_3)
FNDA:1,(anonymous_4)
DA:5,1
DA:6,3
DA:8,3
DA:9,2
DA:10,2
DA:11,0
DA:16,3
DA:20,1
DA:31,1
LF:9
LH:8
BRDA:18,0,0,1
BRDA:18,0,1,2
BRF:2
BRH:2
end_of_record
TN:
SF:screens\CustomersScreen.js
FN:5,(anonymous_0)
FN:8,(anonymous_1)
FN:10,(anonymous_2)
FN:11,(anonymous_3)
FN:17,(anonymous_4)
FNF:5
FNH:4
FNDA:3,(anonymous_0)
FNDA:2,(anonymous_1)
FNDA:2,(anonymous_2)
FNDA:0,(anonymous_3)
FNDA:93,(anonymous_4)
DA:5,1
DA:6,3
DA:8,3
DA:9,2
DA:10,2
DA:11,0
DA:14,3
DA:18,93
DA:29,1
LF:9
LH:8
BRDA:16,0,0,1
BRDA:16,0,1,2
BRF:2
BRH:2
end_of_record
TN:
SF:screens\LoginScreen.js
FN:8,(anonymous_0)
FN:14,(anonymous_1)
FN:27,(anonymous_2)
FN:37,(anonymous_3)
FN:44,(anonymous_4)
FNF:5
FNH:0
FNDA:0,(anonymous_0)
FNDA:0,(anonymous_1)
FNDA:0,(anonymous_2)
FNDA:0,(anonymous_3)
FNDA:0,(anonymous_4)
DA:8,0
DA:9,0
DA:10,0
DA:12,0
DA:14,0
DA:15,0
DA:16,0
DA:20,0
DA:24,0
DA:27,0
DA:28,0
DA:31,0
DA:37,0
DA:44,0
DA:52,0
LF:15
LH:0
BRF:0
BRH:0
end_of_record
TN:
SF:screens\ProductScreen.js
FN:5,(anonymous_0)
FN:8,(anonymous_1)
FN:10,(anonymous_2)
FN:11,(anonymous_3)
FN:19,(anonymous_4)
FNF:5
FNH:4
FNDA:3,(anonymous_0)
FNDA:2,(anonymous_1)
FNDA:2,(anonymous_2)
FNDA:0,(anonymous_3)
FNDA:73,(anonymous_4)
DA:5,1
DA:6,3
DA:8,3
DA:9,2
DA:10,2
DA:11,0
DA:16,3
DA:20,73
DA:35,1
LF:9
LH:8
BRDA:18,0,0,1
BRDA:18,0,1,2
BRF:2
BRH:2
end_of_record
TN:
SF:screens\RegisterScreen.js
FN:4,(anonymous_0)
FN:11,(anonymous_1)
FNF:2
FNH:0
FNDA:0,(anonymous_0)
FNDA:0,(anonymous_1)
DA:4,0
DA:5,0
DA:6,0
DA:7,0
DA:8,0
DA:9,0
DA:11,0
DA:12,0
DA:14,0
DA:15,0
DA:22,0
DA:24,0
DA:27,0
DA:31,0
DA:34,0
DA:38,0
DA:79,0
LF:17
LH:0
BRDA:12,0,0,0
BRDA:12,0,1,0
BRDA:22,1,0,0
BRDA:22,1,1,0
BRF:4
BRH:0
end_of_record
